<?xml version="1.0" encoding="UTF-8"?>
<!-- Generated by org.testng.reporters.JUnitReportReporter -->
<testsuite hostname="Sysvinel007" name="Login.LoginAllUseCase" tests="5" failures="0" timestamp="26 Apr 2017 12:36:54 GMT" time="7.035" errors="0">
  <testcase name="withInvalidCredentials" time="0.626" classname="Login.LoginAllUseCase"/>
  <testcase name="validCredentials" time="2.199" classname="Login.LoginAllUseCase"/>
  <testcase name="withUsernameOnly" time="0.558" classname="Login.LoginAllUseCase"/>
  <testcase name="withPasswordOnly" time="0.484" classname="Login.LoginAllUseCase"/>
  <testcase name="withoutCredentials" time="3.168" classname="Login.LoginAllUseCase"/>
</testsuite> <!-- Login.LoginAllUseCase -->
