<?xml version="1.0" encoding="UTF-8"?>
<!-- Generated by org.testng.reporters.JUnitReportReporter -->
<testsuite hostname="sysvinemp029.local" failures="0" tests="6" name="com.turbopro.inventory.InventoryTransaction" time="209.277" errors="0" timestamp="2019-12-10T18:07:28 IST" skipped="0">
  <testcase classname="com.turbopro.inventory.InventoryTransaction" name="inventoryTransaction" time="25.040"/>
  <testcase classname="com.turbopro.inventory.InventoryTransaction" name="viewTransaction" time="1.669"/>
  <testcase classname="com.turbopro.inventory.InventoryTransaction" name="viewTransactionInDifferentWarehouse" time="9.560"/>
  <testcase classname="com.turbopro.inventory.InventoryTransaction" name="setDateRange" time="15.851"/>
  <testcase classname="com.turbopro.inventory.InventoryTransaction" name="clearTransactions" time="28.301"/>
  <testcase classname="com.turbopro.inventory.InventoryTransaction" name="printTransactionDetails" time="128.856"/>
</testsuite> <!-- com.turbopro.inventory.InventoryTransaction -->
