<?xml version="1.0" encoding="UTF-8"?>
<!-- Generated by org.testng.reporters.JUnitReportReporter -->
<testsuite hostname="Sysvinel007" name="Customers.Customers_Submenu" tests="1" failures="0" timestamp="30 May 2017 13:49:41 GMT" time="141.722" errors="0">
  <testcase name="login" time="141.722" classname="Customers.Customers_Submenu"/>
</testsuite> <!-- Customers.Customers_Submenu -->
