<?xml version="1.0" encoding="UTF-8"?>
<!-- Generated by org.testng.reporters.JUnitReportReporter -->
<testsuite hostname="Sysvinel007" name="com.turbopro.modules.Release_Dropship" tests="2" failures="0" timestamp="3 Aug 2017 11:28:54 GMT" time="135.596" errors="0">
  <testcase name="login1" time="8.829" classname="com.turbopro.modules.Release_Dropship"/>
  <testcase name="useCase_15" time="126.767" classname="com.turbopro.modules.Release_Dropship"/>
</testsuite> <!-- com.turbopro.modules.Release_Dropship -->
