<?xml version="1.0" encoding="UTF-8"?>
<!-- Generated by org.testng.reporters.JUnitReportReporter -->
<testsuite hostname="Sysvinel007" name="InventoryAutomation.testCustomerInvoice" tests="8" failures="0" timestamp="14 Sep 2017 07:20:35 GMT" time="54.806" errors="0">
  <testcase name="enterCustomerFreightAndTaxTerritory" time="3.756" classname="InventoryAutomation.testCustomerInvoice"/>
  <testcase name="clickNewInvoice" time="0.476" classname="InventoryAutomation.testCustomerInvoice"/>
  <testcase name="navigatingCustomerInvoice" time="4.144" classname="InventoryAutomation.testCustomerInvoice"/>
  <testcase name="fetchingCustomerInvoiceNumeber" time="0.119" classname="InventoryAutomation.testCustomerInvoice"/>
  <testcase name="loggingIn" time="10.321" classname="InventoryAutomation.testCustomerInvoice"/>
  <testcase name="closeCustomerInvoice" time="10.216" classname="InventoryAutomation.testCustomerInvoice"/>
  <testcase name="addLineItemsAndSaving" time="24.947" classname="InventoryAutomation.testCustomerInvoice"/>
  <testcase name="dbCheckForCustomerInvoice" time="0.827" classname="InventoryAutomation.testCustomerInvoice"/>
</testsuite> <!-- InventoryAutomation.testCustomerInvoice -->
