<?xml version="1.0" encoding="UTF-8"?>
<!-- Generated by org.testng.reporters.JUnitReportReporter -->
<testsuite hostname="Sysvinel007" name="InventoryAutomation.TPAutomationSample" tests="1" failures="0" timestamp="15 Sep 2017 07:08:44 GMT" time="0.011" errors="0">
  <testcase name="testTpSample" time="0.011" classname="InventoryAutomation.TPAutomationSample"/>
</testsuite> <!-- InventoryAutomation.TPAutomationSample -->
