<?xml version="1.0" encoding="UTF-8"?>
<!-- Generated by org.testng.reporters.JUnitReportReporter -->
<testsuite skipped="0" hostname="SYSVINEL007" name="com.turbopro.company.GeneralLedger" tests="6" failures="0" timestamp="02 May 2019 06:30:34 GMT" time="146.838" errors="0">
  <testcase name="generalLedger" time="11.591" classname="com.turbopro.company.GeneralLedger"/>
  <testcase name="viewAccountsByPeriodAndYear" time="3.567" classname="com.turbopro.company.GeneralLedger"/>
  <testcase name="viewAccountsByMostRecentPeriod" time="1.327" classname="com.turbopro.company.GeneralLedger"/>
  <testcase name="viewAccountsByFiscalYearToDate" time="1.314" classname="com.turbopro.company.GeneralLedger"/>
  <testcase name="exportCSV" time="5.863" classname="com.turbopro.company.GeneralLedger"/>
  <testcase name="drillIntoAccountDetails" time="123.176" classname="com.turbopro.company.GeneralLedger"/>
</testsuite> <!-- com.turbopro.company.GeneralLedger -->
