<?xml version="1.0" encoding="UTF-8"?>
<!-- Generated by org.testng.reporters.JUnitReportReporter -->
<testsuite hostname="Sysvinel007" name="Login.searchjob" tests="4" failures="0" timestamp="12 Sep 2017 05:58:40 GMT" time="51.658" errors="0">
  <testcase name="useCase2" time="13.854" classname="Login.searchjob"/>
  <testcase name="login1" time="9.882" classname="Login.searchjob"/>
  <testcase name="useCase1" time="14.007" classname="Login.searchjob"/>
  <testcase name="useCase3" time="13.915" classname="Login.searchjob"/>
</testsuite> <!-- Login.searchjob -->
