<?xml version="1.0" encoding="UTF-8"?>
<!-- Generated by org.testng.reporters.JUnitReportReporter -->
<testsuite hostname="sysvinemp029.local" failures="0" tests="6" name="com.turbopro.customermenu.CustomerPayments" time="389.261" errors="0" timestamp="2019-12-18T12:07:38 IST" skipped="1">
  <testcase classname="com.turbopro.customermenu.CustomerPayments" name="CP_login" time="19.955"/>
  <testcase classname="com.turbopro.customermenu.CustomerPayments" name="CP_createJob" time="47.714"/>
  <testcase classname="com.turbopro.customermenu.CustomerPayments" name="CP_dropship" time="121.675"/>
  <testcase classname="com.turbopro.customermenu.CustomerPayments" name="CP_CIforDropship" time="125.653"/>
  <testcase classname="com.turbopro.customermenu.CustomerPayments" name="CP_MakeCustomerPayment" time="74.264"/>
  <testcase classname="com.turbopro.customermenu.CustomerPayments" name="customerPaymentsSort">
    <skipped/>
  </testcase> <!-- customerPaymentsSort -->
</testsuite> <!-- com.turbopro.customermenu.CustomerPayments -->
