<?xml version="1.0" encoding="UTF-8"?>
<!-- Generated by org.testng.reporters.JUnitReportReporter -->
<testsuite hostname="sysvinemp029.local" failures="0" tests="6" name="com.turbopro.jobs.JobRelease" time="74.041" errors="0" timestamp="2019-12-11T13:02:45 IST" skipped="0">
  <testcase classname="com.turbopro.jobs.JobRelease" name="navigateReleaseInNewJob" time="42.926"/>
  <testcase classname="com.turbopro.jobs.JobRelease" name="updateReleaseNotes" time="5.163"/>
  <testcase classname="com.turbopro.jobs.JobRelease" name="updateTaxTerritory" time="6.412"/>
  <testcase classname="com.turbopro.jobs.JobRelease" name="addChangeOrder" time="10.505"/>
  <testcase classname="com.turbopro.jobs.JobRelease" name="editChangeOrder" time="5.436"/>
  <testcase classname="com.turbopro.jobs.JobRelease" name="deleteChangeOrder" time="3.599"/>
</testsuite> <!-- com.turbopro.jobs.JobRelease -->
