<?xml version="1.0" encoding="UTF-8"?>
<!-- Generated by org.testng.reporters.JUnitReportReporter -->
<testsuite skipped="0" hostname="SYSVINEL007" name="com.turbopro.company.Settings" tests="26" failures="0" timestamp="02 May 2019 06:30:34 GMT" time="1258.768" errors="0">
  <testcase name="settings" time="28.951" classname="com.turbopro.company.Settings"/>
  <testcase name="uploadCompanyLogo" time="2.499" classname="com.turbopro.company.Settings"/>
  <testcase name="exportCompanyContacts" time="8.231" classname="com.turbopro.company.Settings"/>
  <testcase name="updateGroupDefaults" time="0.966" classname="com.turbopro.company.Settings"/>
  <testcase name="viewCustomerType" time="2.394" classname="com.turbopro.company.Settings"/>
  <testcase name="addCustomerType" time="120.108" classname="com.turbopro.company.Settings"/>
  <testcase name="deleteCustomerType" time="121.652" classname="com.turbopro.company.Settings"/>
  <testcase name="viewCustomerPaymentTerms" time="120.025" classname="com.turbopro.company.Settings"/>
  <testcase name="createCustomerPaymentTerms" time="0.075" classname="com.turbopro.company.Settings"/>
  <testcase name="deleteCustomerPaymentTerms" time="30.068" classname="com.turbopro.company.Settings"/>
  <testcase name="viewShipVia" time="0.129" classname="com.turbopro.company.Settings"/>
  <testcase name="addShipVia" time="0.112" classname="com.turbopro.company.Settings"/>
  <testcase name="deleteShipVia" time="30.027" classname="com.turbopro.company.Settings"/>
  <testcase name="viewFreightCharges" time="0.093" classname="com.turbopro.company.Settings"/>
  <testcase name="addFreightCharges" time="0.041" classname="com.turbopro.company.Settings"/>
  <testcase name="deleteFreightCharges" time="121.616" classname="com.turbopro.company.Settings"/>
  <testcase name="addSplitTypesInEmpSettings" time="0.093" classname="com.turbopro.company.Settings"/>
  <testcase name="deleteSplitTypesInEmpSettings" time="121.655" classname="com.turbopro.company.Settings"/>
  <testcase name="viewBidStatus" time="0.115" classname="com.turbopro.company.Settings"/>
  <testcase name="addBidStatus" time="33.079" classname="com.turbopro.company.Settings"/>
  <testcase name="deleteBidStatus" time="121.715" classname="com.turbopro.company.Settings"/>
  <testcase name="addQuotesCategory" time="30.076" classname="com.turbopro.company.Settings"/>
  <testcase name="deleteQuotesCategory" time="121.654" classname="com.turbopro.company.Settings"/>
  <testcase name="createDepartments" time="0.116" classname="com.turbopro.company.Settings"/>
  <testcase name="inactiveDepartment" time="121.651" classname="com.turbopro.company.Settings"/>
  <testcase name="deleteDepartments" time="121.627" classname="com.turbopro.company.Settings"/>
</testsuite> <!-- com.turbopro.company.Settings -->
