<?xml version="1.0" encoding="UTF-8"?>
<!-- Generated by org.testng.reporters.JUnitReportReporter -->
<testsuite skipped="1" hostname="SYSVINEL007" name="com.turbopro.projectsmenu.ProjectsAccountsReceivable" tests="6" failures="0" timestamp="06 May 2019 11:21:39 GMT" time="62.471" errors="0">
  <testcase name="projects" time="17.841" classname="com.turbopro.projectsmenu.ProjectsAccountsReceivable"/>
  <testcase name="viewAccountsReceivable" time="3.727" classname="com.turbopro.projectsmenu.ProjectsAccountsReceivable"/>
  <testcase name="downloadCsvForAR" time="3.900" classname="com.turbopro.projectsmenu.ProjectsAccountsReceivable"/>
  <testcase name="applySortInARHeaders" time="29.439" classname="com.turbopro.projectsmenu.ProjectsAccountsReceivable"/>
  <testcase name="viewARbyDate" time="7.564" classname="com.turbopro.projectsmenu.ProjectsAccountsReceivable"/>
  <testcase name="viewPdfOfAR" classname="com.turbopro.projectsmenu.ProjectsAccountsReceivable">
    <skipped/>
  </testcase> <!-- viewPdfOfAR -->
</testsuite> <!-- com.turbopro.projectsmenu.ProjectsAccountsReceivable -->
