<?xml version="1.0" encoding="UTF-8"?>
<!-- Generated by org.testng.reporters.JUnitReportReporter -->
<testsuite skipped="0" hostname="SYSVINEL007" name="com.turbopro.inventory.InventoryCount" tests="6" failures="0" timestamp="03 May 2019 06:59:07 GMT" time="99.450" errors="0">
  <testcase name="inventoryCount" time="14.616" classname="com.turbopro.inventory.InventoryCount"/>
  <testcase name="selectWarehouse" time="9.474" classname="com.turbopro.inventory.InventoryCount"/>
  <testcase name="selectSort" time="41.315" classname="com.turbopro.inventory.InventoryCount"/>
  <testcase name="countUpdate" time="5.519" classname="com.turbopro.inventory.InventoryCount"/>
  <testcase name="viewPDF" time="24.313" classname="com.turbopro.inventory.InventoryCount"/>
  <testcase name="viewCSV" time="4.213" classname="com.turbopro.inventory.InventoryCount"/>
</testsuite> <!-- com.turbopro.inventory.InventoryCount -->
