<?xml version="1.0" encoding="UTF-8"?>
<!-- Generated by org.testng.reporters.JUnitReportReporter -->
<testsuite skipped="0" hostname="SYSVINEL007" name="com.turbopro.company.Rolodex" tests="11" failures="0" timestamp="02 May 2019 06:30:34 GMT" time="48.466" errors="0">
  <testcase name="navigateToRolodex" time="19.411" classname="com.turbopro.company.Rolodex"/>
  <testcase name="selectCategory" time="0.302" classname="com.turbopro.company.Rolodex"/>
  <testcase name="viewRolodex" time="5.711" classname="com.turbopro.company.Rolodex"/>
  <testcase name="addRolodex" time="3.252" classname="com.turbopro.company.Rolodex"/>
  <testcase name="addContact" time="3.149" classname="com.turbopro.company.Rolodex"/>
  <testcase name="editContact" time="1.387" classname="com.turbopro.company.Rolodex"/>
  <testcase name="deleteContact" time="0.546" classname="com.turbopro.company.Rolodex"/>
  <testcase name="addAddress" time="1.188" classname="com.turbopro.company.Rolodex"/>
  <testcase name="addJournal" time="1.292" classname="com.turbopro.company.Rolodex"/>
  <testcase name="editJournal" time="4.691" classname="com.turbopro.company.Rolodex"/>
  <testcase name="deleteRolodex" time="7.537" classname="com.turbopro.company.Rolodex"/>
</testsuite> <!-- com.turbopro.company.Rolodex -->
