<?xml version="1.0" encoding="UTF-8"?>
<!-- Generated by org.testng.reporters.JUnitReportReporter -->
<testsuite skipped="0" hostname="SYSVINEL007" name="com.turbopro.reports.ReportsPositivePay" tests="4" failures="0" timestamp="09 May 2019 14:24:00 GMT" time="21.662" errors="0">
  <testcase name="login" time="11.675" classname="com.turbopro.reports.ReportsPositivePay"/>
  <testcase name="openPositivePay" time="4.522" classname="com.turbopro.reports.ReportsPositivePay"/>
  <testcase name="selectCheckDate" time="2.637" classname="com.turbopro.reports.ReportsPositivePay"/>
  <testcase name="submitPositivePay" time="2.828" classname="com.turbopro.reports.ReportsPositivePay"/>
</testsuite> <!-- com.turbopro.reports.ReportsPositivePay -->
