<?xml version="1.0" encoding="UTF-8"?>
<!-- Generated by org.testng.reporters.JUnitReportReporter -->
<testsuite name="com.turbopro.inventory.Inventory" tests="10" time="602.221" ignored="0" failures="0" timestamp="27 Aug 2018 11:32:50 GMT" skipped="0" hostname="Sysvinel007" errors="0">
  <testcase name="searchInventory" time="9.745" classname="com.turbopro.inventory.Inventory"/>
  <testcase name="searchRelatedInventory" time="14.685" classname="com.turbopro.inventory.Inventory"/>
  <testcase name="editInventoryItem" time="126.784" classname="com.turbopro.inventory.Inventory"/>
  <testcase name="viewInventoryItemsNextAndPrevious" time="125.723" classname="com.turbopro.inventory.Inventory"/>
  <testcase name="deleteInventoryItem" time="126.260" classname="com.turbopro.inventory.Inventory"/>
  <testcase name="navigateInventory" time="37.745" classname="com.turbopro.inventory.Inventory"/>
  <testcase name="openInventoryItem" time="121.737" classname="com.turbopro.inventory.Inventory"/>
  <testcase name="viewInactiveInventory" time="10.188" classname="com.turbopro.inventory.Inventory"/>
  <testcase name="createNewInventory" time="9.322" classname="com.turbopro.inventory.Inventory"/>
  <testcase name="sortInventoryByWarehouse" time="20.032" classname="com.turbopro.inventory.Inventory"/>
</testsuite> <!-- com.turbopro.inventory.Inventory -->
