<?xml version="1.0" encoding="UTF-8"?>
<!-- Generated by org.testng.reporters.JUnitReportReporter -->
<testsuite skipped="0" hostname="SYSVINEL007" name="com.turbopro.inventory.ReceiveInventory" tests="7" failures="0" timestamp="03 May 2019 06:59:07 GMT" time="90.636" errors="0">
  <testcase name="inventoryReceive" time="13.525" classname="com.turbopro.inventory.ReceiveInventory"/>
  <testcase name="searchPO" time="2.903" classname="com.turbopro.inventory.ReceiveInventory"/>
  <testcase name="resetSearch" time="2.665" classname="com.turbopro.inventory.ReceiveInventory"/>
  <testcase name="selectDateRange" time="13.769" classname="com.turbopro.inventory.ReceiveInventory"/>
  <testcase name="receiveLineItems" time="22.260" classname="com.turbopro.inventory.ReceiveInventory"/>
  <testcase name="ViewReceivedPO" time="5.168" classname="com.turbopro.inventory.ReceiveInventory"/>
  <testcase name="receivePartialPOItems" time="30.346" classname="com.turbopro.inventory.ReceiveInventory"/>
</testsuite> <!-- com.turbopro.inventory.ReceiveInventory -->
