<?xml version="1.0" encoding="UTF-8"?>
<!-- Generated by org.testng.reporters.JUnitReportReporter -->
<testsuite skipped="0" hostname="SYSVINEL007" name="com.turbopro.company.JournalEntries" tests="6" failures="0" timestamp="19 Apr 2019 10:08:19 GMT" time="55.655" errors="0">
  <testcase name="journalEntries" time="7.843" classname="com.turbopro.company.JournalEntries"/>
  <testcase name="viewJournalEntries" time="12.151" classname="com.turbopro.company.JournalEntries"/>
  <testcase name="addJournalEntries" time="13.604" classname="com.turbopro.company.JournalEntries"/>
  <testcase name="editJournalEntries" time="8.634" classname="com.turbopro.company.JournalEntries"/>
  <testcase name="deleteJournalEntries" time="9.080" classname="com.turbopro.company.JournalEntries"/>
  <testcase name="addJournalEntriesWithJob" time="4.343" classname="com.turbopro.company.JournalEntries"/>
</testsuite> <!-- com.turbopro.company.JournalEntries -->
