<?xml version="1.0" encoding="UTF-8"?>
<!-- Generated by org.testng.reporters.JUnitReportReporter -->
<testsuite skipped="2" hostname="SYSVINEL007" name="com.turbopro.customermenu.Scrap" tests="4" failures="0" timestamp="14 Feb 2019 07:22:39 GMT" time="41.688" errors="0">
  <testcase name="customerInvoices" time="33.585" classname="com.turbopro.customermenu.Scrap"/>
  <testcase name="createCustomerInvoiceWithOnlyFreight" time="8.103" classname="com.turbopro.customermenu.Scrap"/>
  <testcase name="editCusInvoiceAfterPayment" classname="com.turbopro.customermenu.Scrap">
    <skipped/>
  </testcase> <!-- editCusInvoiceAfterPayment -->
  <testcase name="createCustomerInvoice" classname="com.turbopro.customermenu.Scrap">
    <skipped/>
  </testcase> <!-- createCustomerInvoice -->
</testsuite> <!-- com.turbopro.customermenu.Scrap -->
