<?xml version="1.0" encoding="UTF-8"?>
<!-- Generated by org.testng.reporters.JUnitReportReporter -->
<testsuite skipped="0" hostname="SYSVINEL007" name="com.turbopro.reports.BookingProfit" tests="6" failures="0" timestamp="09 May 2019 14:24:00 GMT" time="225.135" errors="0">
  <testcase name="login" time="17.389" classname="com.turbopro.reports.BookingProfit"/>
  <testcase name="singleDate" time="14.257" classname="com.turbopro.reports.BookingProfit"/>
  <testcase name="dateRange" time="47.634" classname="com.turbopro.reports.BookingProfit"/>
  <testcase name="monthToDate" time="44.020" classname="com.turbopro.reports.BookingProfit"/>
  <testcase name="monthToDateWithSalesrep" time="61.968" classname="com.turbopro.reports.BookingProfit"/>
  <testcase name="yearToDate" time="39.867" classname="com.turbopro.reports.BookingProfit"/>
</testsuite> <!-- com.turbopro.reports.BookingProfit -->
