<?xml version="1.0" encoding="UTF-8"?>
<!-- Generated by org.testng.reporters.JUnitReportReporter -->
<testsuite hostname="sysvinemp029.local" failures="0" tests="13" name="com.turbopro.vendors.VendorInvoicesAndBills" time="392.460" errors="0" timestamp="2019-12-18T11:23:25 IST" skipped="1">
  <testcase classname="com.turbopro.vendors.VendorInvoicesAndBills" name="vendorInvoices" time="15.348"/>
  <testcase classname="com.turbopro.vendors.VendorInvoicesAndBills" name="sortVendorInvoices" time="40.232"/>
  <testcase classname="com.turbopro.vendors.VendorInvoicesAndBills" name="createVendorInvoice" time="11.012"/>
  <testcase classname="com.turbopro.vendors.VendorInvoicesAndBills" name="updateVendorInvoiceNumber" time="20.283"/>
  <testcase classname="com.turbopro.vendors.VendorInvoicesAndBills" name="searchVendorInvoice" time="24.869"/>
  <testcase classname="com.turbopro.vendors.VendorInvoicesAndBills" name="viewVendorInvoiceByDateRange" time="9.223"/>
  <testcase classname="com.turbopro.vendors.VendorInvoicesAndBills" name="viewAccountsPayable" time="121.824"/>
  <testcase classname="com.turbopro.vendors.VendorInvoicesAndBills" name="viewAccountsPayableByDateRange" time="96.692"/>
  <testcase classname="com.turbopro.vendors.VendorInvoicesAndBills" name="viewNoCustomerInvoice" time="5.334"/>
  <testcase classname="com.turbopro.vendors.VendorInvoicesAndBills" name="viewNoCustomerInvoiceByDate" time="8.129"/>
  <testcase classname="com.turbopro.vendors.VendorInvoicesAndBills" name="printNoCustomerInvoice" time="28.410"/>
  <testcase classname="com.turbopro.vendors.VendorInvoicesAndBills" name="accessInvoiceFromNoCustomerInvoice" time="11.104"/>
  <testcase classname="com.turbopro.vendors.VendorInvoicesAndBills" name="editVendorInvoiceAndClose">
    <skipped/>
  </testcase> <!-- editVendorInvoiceAndClose -->
</testsuite> <!-- com.turbopro.vendors.VendorInvoicesAndBills -->
