<?xml version="1.0" encoding="UTF-8"?>
<!-- Generated by org.testng.reporters.JUnitReportReporter -->
<testsuite hostname="Sysvinel007" name="com.turbopro.modules.CheckAverageCost" tests="7" failures="0" timestamp="6 Jul 2017 11:29:39 GMT" time="285.103" errors="0">
  <testcase name="checkingAverageCost" time="18.722" classname="com.turbopro.modules.CheckAverageCost"/>
  <testcase name="changeMultiplier3" time="47.786" classname="com.turbopro.modules.CheckAverageCost"/>
  <testcase name="changeCostEach" time="49.147" classname="com.turbopro.modules.CheckAverageCost"/>
  <testcase name="changeCostEach_1" time="48.917" classname="com.turbopro.modules.CheckAverageCost"/>
  <testcase name="login1" time="9.205" classname="com.turbopro.modules.CheckAverageCost"/>
  <testcase name="changeMultiplier" time="49.050" classname="com.turbopro.modules.CheckAverageCost"/>
  <testcase name="CreateStockPurchaseOrder" time="62.276" classname="com.turbopro.modules.CheckAverageCost"/>
</testsuite> <!-- com.turbopro.modules.CheckAverageCost -->
