<?xml version="1.0" encoding="UTF-8"?>
<!-- Generated by org.testng.reporters.JUnitReportReporter -->
<testsuite hostname="Sysvinel007" name="com.turbopro.modules.GeneralLedger" tests="6" failures="0" timestamp="27 Jun 2017 13:38:35 GMT" time="123.525" errors="0">
  <testcase name="usecase8" time="15.205" classname="com.turbopro.modules.GeneralLedger"/>
  <testcase name="usecase2" time="14.441" classname="com.turbopro.modules.GeneralLedger"/>
  <testcase name="usecase3" time="35.034" classname="com.turbopro.modules.GeneralLedger"/>
  <testcase name="usecase1" time="31.408" classname="com.turbopro.modules.GeneralLedger"/>
  <testcase name="usecase5" time="12.805" classname="com.turbopro.modules.GeneralLedger"/>
  <testcase name="usecase7" time="14.632" classname="com.turbopro.modules.GeneralLedger"/>
</testsuite> <!-- com.turbopro.modules.GeneralLedger -->
