<?xml version="1.0" encoding="UTF-8"?>
<!-- Generated by org.testng.reporters.JUnitReportReporter -->
<testsuite hostname="Sysvinel007" name="com.turbopro.customerinvoice.CreateCustomerInvoice" tests="7" failures="0" timestamp="15 Sep 2017 14:03:31 GMT" time="53.160" errors="0">
  <testcase name="logIntoApp" time="9.494" classname="com.turbopro.customerinvoice.CreateCustomerInvoice"/>
  <testcase name="dbCheckForCustomerInvoice" time="0.711" classname="com.turbopro.customerinvoice.CreateCustomerInvoice"/>
  <testcase name="navigatingCustomerInvoice" time="4.136" classname="com.turbopro.customerinvoice.CreateCustomerInvoice"/>
  <testcase name="clickNewInvoice" time="0.551" classname="com.turbopro.customerinvoice.CreateCustomerInvoice"/>
  <testcase name="addLineItemsAndSaving" time="24.821" classname="com.turbopro.customerinvoice.CreateCustomerInvoice"/>
  <testcase name="closeCustomerInvoice" time="10.358" classname="com.turbopro.customerinvoice.CreateCustomerInvoice"/>
  <testcase name="enterCustomerAndTaxTerritory" time="3.089" classname="com.turbopro.customerinvoice.CreateCustomerInvoice"/>
</testsuite> <!-- com.turbopro.customerinvoice.CreateCustomerInvoice -->
