<?xml version="1.0" encoding="UTF-8"?>
<!-- Generated by org.testng.reporters.JUnitReportReporter -->
<testsuite skipped="0" hostname="SYSVINEL007" name="com.turbopro.reports.ReportsJobOpportunityForecast" tests="6" failures="0" timestamp="30 Apr 2019 11:10:21 GMT" time="437.249" errors="0">
  <testcase name="login" time="13.428" classname="com.turbopro.reports.ReportsJobOpportunityForecast"/>
  <testcase name="viewPdfOfJobOpportunityForcast" time="28.506" classname="com.turbopro.reports.ReportsJobOpportunityForecast"/>
  <testcase name="viewJobOpportunityForcastReportWithMonthToDateFilter" time="76.743" classname="com.turbopro.reports.ReportsJobOpportunityForecast"/>
  <testcase name="viewJobOpportunityForcastReportWithSingleDateFilter" time="103.365" classname="com.turbopro.reports.ReportsJobOpportunityForecast"/>
  <testcase name="viewJobOpportunityForcastReportWithDateRangeFilter" time="108.022" classname="com.turbopro.reports.ReportsJobOpportunityForecast"/>
  <testcase name="viewJobOpportunityForcastReportWithYearToDateEndingFilter" time="107.185" classname="com.turbopro.reports.ReportsJobOpportunityForecast"/>
</testsuite> <!-- com.turbopro.reports.ReportsJobOpportunityForecast -->
