<?xml version="1.0" encoding="UTF-8"?>
<!-- Generated by org.testng.reporters.JUnitReportReporter -->
<testsuite hostname="Sysvinel007" name="ReportsCheck.testLogin" tests="1" failures="0" timestamp="8 Sep 2017 13:44:55 GMT" time="0.747" errors="0">
  <testcase name="testLogin" time="0.747" classname="ReportsCheck.testLogin"/>
</testsuite> <!-- ReportsCheck.testLogin -->
