<?xml version="1.0" encoding="UTF-8"?>
<!-- Generated by org.testng.reporters.JUnitReportReporter -->
<testsuite hostname="Sysvinel007" name="Login.ConnectionLeak" tests="1" failures="0" timestamp="4 May 2017 10:22:58 GMT" time="49.298" errors="0">
  <testcase name="addingCustomerInvoice" time="49.298" classname="Login.ConnectionLeak"/>
</testsuite> <!-- Login.ConnectionLeak -->
