<?xml version="1.0" encoding="UTF-8"?>
<!-- Generated by org.testng.reporters.JUnitReportReporter -->
<testsuite hostname="Sysvinel007" name="com.turbopro.modules.InventoryMenu" tests="9" failures="0" timestamp="8 Jun 2017 15:04:01 GMT" time="454.210" errors="0">
  <testcase name="inventoryReceiveInventory" time="15.033" classname="com.turbopro.modules.InventoryMenu"/>
  <testcase name="inventoryAdjustments" time="27.164" classname="com.turbopro.modules.InventoryMenu"/>
  <testcase name="inventoryOrderPoints" time="25.594" classname="com.turbopro.modules.InventoryMenu"/>
  <testcase name="inventoryWarehouses" time="18.815" classname="com.turbopro.modules.InventoryMenu"/>
  <testcase name="inventoryTransfer" time="27.228" classname="com.turbopro.modules.InventoryMenu"/>
  <testcase name="inventoryCategories" time="17.808" classname="com.turbopro.modules.InventoryMenu"/>
  <testcase name="inventoryValue" time="182.266" classname="com.turbopro.modules.InventoryMenu"/>
  <testcase name="Inventory" time="112.397" classname="com.turbopro.modules.InventoryMenu"/>
  <testcase name="inventoryCount" time="27.905" classname="com.turbopro.modules.InventoryMenu"/>
</testsuite> <!-- com.turbopro.modules.InventoryMenu -->
