<?xml version="1.0" encoding="UTF-8"?>
<!-- Generated by org.testng.reporters.JUnitReportReporter -->
<testsuite skipped="0" hostname="SYSVINEL007" name="com.turbopro.inventory.InventoryValue" tests="6" failures="0" timestamp="03 May 2019 06:59:07 GMT" time="24.870" errors="0">
  <testcase name="inventoryValue" time="13.351" classname="com.turbopro.inventory.InventoryValue"/>
  <testcase name="sortHeaders" time="0.384" classname="com.turbopro.inventory.InventoryValue"/>
  <testcase name="viewCSV" time="3.343" classname="com.turbopro.inventory.InventoryValue"/>
  <testcase name="searchItems" time="1.107" classname="com.turbopro.inventory.InventoryValue"/>
  <testcase name="resetInventory" time="0.288" classname="com.turbopro.inventory.InventoryValue"/>
  <testcase name="selectWarehouse" time="6.397" classname="com.turbopro.inventory.InventoryValue"/>
</testsuite> <!-- com.turbopro.inventory.InventoryValue -->
