<?xml version="1.0" encoding="UTF-8"?>
<!-- Generated by org.testng.reporters.JUnitReportReporter -->
<testsuite hostname="Sysvinel007" name="com.turbopro.projectsmenu.projectsMenu" tests="7" failures="0" timestamp="22 Nov 2017 06:03:31 GMT" time="19.572" errors="0">
  <testcase name="viewCustomerList" time="0.535" classname="com.turbopro.projectsmenu.projectsMenu"/>
  <testcase name="viewContactsInCustomerList" time="1.736" classname="com.turbopro.projectsmenu.projectsMenu"/>
  <testcase name="viewCustomerListForSpecificSalesrep" time="2.001" classname="com.turbopro.projectsmenu.projectsMenu"/>
  <testcase name="viewCustomerListForAllSalesrep" time="1.111" classname="com.turbopro.projectsmenu.projectsMenu"/>
  <testcase name="navigateProjects" time="1.416" classname="com.turbopro.projectsmenu.projectsMenu"/>
  <testcase name="downloadCsvForCustomerList" time="4.390" classname="com.turbopro.projectsmenu.projectsMenu"/>
  <testcase name="login" time="8.383" classname="com.turbopro.projectsmenu.projectsMenu"/>
</testsuite> <!-- com.turbopro.projectsmenu.projectsMenu -->
