<?xml version="1.0" encoding="UTF-8"?>
<!-- Generated by org.testng.reporters.JUnitReportReporter -->
<testsuite hostname="Sysvinel007" name="com.turbopro.modules.CustomerInvoice" tests="2" failures="0" timestamp="21 Aug 2017 11:48:27 GMT" time="51.303" errors="0">
  <testcase name="login1" time="9.257" classname="com.turbopro.modules.CustomerInvoice"/>
  <testcase name="useCase1" time="42.046" classname="com.turbopro.modules.CustomerInvoice"/>
</testsuite> <!-- com.turbopro.modules.CustomerInvoice -->
