<?xml version="1.0" encoding="UTF-8"?>
<!-- Generated by org.testng.reporters.JUnitReportReporter -->
<testsuite hostname="Sysvinel007" name="com.turbopro.modules.CustomerCreditDebitMemos" tests="3" failures="0" timestamp="18 Aug 2017 13:30:36 GMT" time="51.577" errors="0">
  <testcase name="memo1" time="1.479" classname="com.turbopro.modules.CustomerCreditDebitMemos"/>
  <testcase name="login1" time="10.611" classname="com.turbopro.modules.CustomerCreditDebitMemos"/>
  <testcase name="usecase2" time="39.487" classname="com.turbopro.modules.CustomerCreditDebitMemos"/>
</testsuite> <!-- com.turbopro.modules.CustomerCreditDebitMemos -->
