<?xml version="1.0" encoding="UTF-8"?>
<!-- Generated by org.testng.reporters.JUnitReportReporter -->
<testsuite hostname="sysvinemp029.local" failures="0" tests="8" name="com.turbopro.banking.TransactionDetails" time="56.059" errors="0" timestamp="2019-12-10T14:49:56 IST" skipped="0">
  <testcase classname="com.turbopro.banking.TransactionDetails" name="navigateBankingTransactions" time="23.692"/>
  <testcase classname="com.turbopro.banking.TransactionDetails" name="viewTransactionDetails" time="0.149"/>
  <testcase classname="com.turbopro.banking.TransactionDetails" name="filterTransactionDetails" time="3.038"/>
  <testcase classname="com.turbopro.banking.TransactionDetails" name="startTransaction" time="1.757"/>
  <testcase classname="com.turbopro.banking.TransactionDetails" name="writeNewCheck" time="5.581"/>
  <testcase classname="com.turbopro.banking.TransactionDetails" name="voidCheck" time="8.913"/>
  <testcase classname="com.turbopro.banking.TransactionDetails" name="editTransaction" time="7.228"/>
  <testcase classname="com.turbopro.banking.TransactionDetails" name="deleteTransaction" time="5.701"/>
</testsuite> <!-- com.turbopro.banking.TransactionDetails -->
