<?xml version="1.0" encoding="UTF-8"?>
<!-- Generated by org.testng.reporters.JUnitReportReporter -->
<testsuite hostname="Sysvinel007" name="com.turbopro.modules.CustomerStatements" tests="3" failures="0" timestamp="6 Jul 2017 09:32:16 GMT" time="96.410" errors="0">
  <testcase name="usecase3" time="34.797" classname="com.turbopro.modules.CustomerStatements"/>
  <testcase name="usecase1" time="29.340" classname="com.turbopro.modules.CustomerStatements"/>
  <testcase name="usecase2" time="32.273" classname="com.turbopro.modules.CustomerStatements"/>
</testsuite> <!-- com.turbopro.modules.CustomerStatements -->
