<?xml version="1.0" encoding="UTF-8"?>
<!-- Generated by org.testng.reporters.JUnitReportReporter -->
<testsuite name="Login.HeadlessBrowser" tests="1" time="13.301" ignored="0" failures="0" timestamp="09 Apr 2018 11:33:33 GMT" skipped="0" hostname="Sysvinel007" errors="0">
  <testcase name="htmlUnitDriver" time="13.301" classname="Login.HeadlessBrowser"/>
</testsuite> <!-- Login.HeadlessBrowser -->
