<?xml version="1.0" encoding="UTF-8"?>
<!-- Generated by org.testng.reporters.JUnitReportReporter -->
<testsuite skipped="1" hostname="SYSVINEL007" name="com.turbopro.company.Users" tests="7" failures="0" timestamp="02 May 2019 06:30:34 GMT" time="21.044" errors="0">
  <testcase name="navigateToUsers" time="13.335" classname="com.turbopro.company.Users"/>
  <testcase name="viewUserDetails" time="4.113" classname="com.turbopro.company.Users"/>
  <testcase name="editUserDetails" time="0.428" classname="com.turbopro.company.Users"/>
  <testcase name="searchUser" time="1.882" classname="com.turbopro.company.Users"/>
  <testcase name="viewActiveUsers" time="0.883" classname="com.turbopro.company.Users"/>
  <testcase name="viewInactiveUsers" time="0.403" classname="com.turbopro.company.Users"/>
  <testcase name="createNewUser" classname="com.turbopro.company.Users">
    <skipped/>
  </testcase> <!-- createNewUser -->
</testsuite> <!-- com.turbopro.company.Users -->
