<?xml version="1.0" encoding="UTF-8"?>
<!-- Generated by org.testng.reporters.JUnitReportReporter -->
<testsuite skipped="0" hostname="SYSVINEL007" name="com.turbopro.reports.ReportsOpenPO" tests="2" failures="0" timestamp="09 May 2019 14:24:00 GMT" time="23.854" errors="0">
  <testcase name="login" time="20.726" classname="com.turbopro.reports.ReportsOpenPO"/>
  <testcase name="viewOpenPO" time="3.128" classname="com.turbopro.reports.ReportsOpenPO"/>
</testsuite> <!-- com.turbopro.reports.ReportsOpenPO -->
