<?xml version="1.0" encoding="UTF-8"?>
<!-- Generated by org.testng.reporters.JUnitReportReporter -->
<testsuite skipped="0" hostname="SYSVINEL007" name="com.turbopro.inventory.OrderPoints" tests="6" failures="0" timestamp="03 May 2019 06:59:07 GMT" time="165.689" errors="0">
  <testcase name="orderPoints" time="12.620" classname="com.turbopro.inventory.OrderPoints"/>
  <testcase name="sortHeaders" time="0.660" classname="com.turbopro.inventory.OrderPoints"/>
  <testcase name="ViewOrderPoints" time="0.592" classname="com.turbopro.inventory.OrderPoints"/>
  <testcase name="searchItem" time="0.740" classname="com.turbopro.inventory.OrderPoints"/>
  <testcase name="editOrderPoints" time="121.638" classname="com.turbopro.inventory.OrderPoints"/>
  <testcase name="printReorderedPoints" time="29.439" classname="com.turbopro.inventory.OrderPoints"/>
</testsuite> <!-- com.turbopro.inventory.OrderPoints -->
