<?xml version="1.0" encoding="UTF-8"?>
<!-- Generated by org.testng.reporters.JUnitReportReporter -->
<testsuite hostname="Sysvinel007" name="com.turbopro.modules.RID761_RestrictDifferentUsersToEditSameQuote" tests="2" failures="0" timestamp="17 Jul 2017 12:11:32 GMT" time="54.607" errors="0">
  <testcase name="login1" time="8.863" classname="com.turbopro.modules.RID761_RestrictDifferentUsersToEditSameQuote"/>
  <testcase name="useCase_1" time="45.744" classname="com.turbopro.modules.RID761_RestrictDifferentUsersToEditSameQuote"/>
</testsuite> <!-- com.turbopro.modules.RID761_RestrictDifferentUsersToEditSameQuote -->
