<?xml version="1.0" encoding="UTF-8"?>
<!-- Generated by org.testng.reporters.JUnitReportReporter -->
<testsuite skipped="0" hostname="SYSVINEL007" name="com.turbopro.projectsmenu.ProjectsFilter" tests="3" failures="0" timestamp="06 Feb 2019 09:13:43 GMT" time="46.895" errors="0">
  <testcase name="projects" time="32.232" classname="com.turbopro.projectsmenu.ProjectsFilter"/>
  <testcase name="viewSalesRepEntries" time="4.658" classname="com.turbopro.projectsmenu.ProjectsFilter"/>
  <testcase name="selectSalesRepEntry" time="10.005" classname="com.turbopro.projectsmenu.ProjectsFilter"/>
</testsuite> <!-- com.turbopro.projectsmenu.ProjectsFilter -->
