<?xml version="1.0" encoding="UTF-8"?>
<!-- Generated by org.testng.reporters.JUnitReportReporter -->
<testsuite hostname="Sysvinel007" name="Company.Company_Menu" tests="1" failures="0" timestamp="6 Jun 2017 07:42:39 GMT" time="31.993" errors="0">
  <testcase name="login" time="31.993" classname="Company.Company_Menu"/>
</testsuite> <!-- Company.Company_Menu -->
