<?xml version="1.0" encoding="UTF-8"?>
<!-- Generated by org.testng.reporters.JUnitReportReporter -->
<testsuite hostname="Sysvinel007" name="com.turbopro.modules.Release_StockOrder" tests="2" failures="0" timestamp="17 Aug 2017 13:22:59 GMT" time="94.692" errors="0">
  <testcase name="use_case3" time="85.114" classname="com.turbopro.modules.Release_StockOrder"/>
  <testcase name="login1" time="9.578" classname="com.turbopro.modules.Release_StockOrder"/>
</testsuite> <!-- com.turbopro.modules.Release_StockOrder -->
