<?xml version="1.0" encoding="UTF-8"?>
<!-- Generated by org.testng.reporters.JUnitReportReporter -->
<testsuite skipped="2" hostname="SYSVINEL007" name="com.turbopro.company.Customers" tests="12" failures="0" timestamp="02 May 2019 06:30:34 GMT" time="66.988" errors="0">
  <testcase name="navigateToCustomers" time="18.190" classname="com.turbopro.company.Customers"/>
  <testcase name="viewDetails" time="3.881" classname="com.turbopro.company.Customers"/>
  <testcase name="addCustomer" time="2.712" classname="com.turbopro.company.Customers"/>
  <testcase name="addContacts" time="2.445" classname="com.turbopro.company.Customers"/>
  <testcase name="addAddressDetails" time="1.662" classname="com.turbopro.company.Customers"/>
  <testcase name="addJournalEntry" time="3.819" classname="com.turbopro.company.Customers"/>
  <testcase name="addDiscountTerms" time="11.865" classname="com.turbopro.company.Customers"/>
  <testcase name="searchCustomer" time="7.920" classname="com.turbopro.company.Customers"/>
  <testcase name="resetCustomerTable" time="3.664" classname="com.turbopro.company.Customers"/>
  <testcase name="deleteCustomer" time="10.830" classname="com.turbopro.company.Customers"/>
  <testcase name="checkVisbilityOfCustomer" classname="com.turbopro.company.Customers">
    <skipped/>
  </testcase> <!-- checkVisbilityOfCustomer -->
  <testcase name="editContacts" classname="com.turbopro.company.Customers">
    <skipped/>
  </testcase> <!-- editContacts -->
</testsuite> <!-- com.turbopro.company.Customers -->
