<?xml version="1.0" encoding="UTF-8"?>
<!-- Generated by org.testng.reporters.JUnitReportReporter -->
<testsuite skipped="0" hostname="SYSVINEL007" name="com.turbopro.company.Vendors" tests="8" failures="0" timestamp="02 May 2019 06:30:34 GMT" time="38.090" errors="0">
  <testcase name="vendors" time="10.970" classname="com.turbopro.company.Vendors"/>
  <testcase name="searchVendor" time="5.956" classname="com.turbopro.company.Vendors"/>
  <testcase name="openExistingVendor" time="5.499" classname="com.turbopro.company.Vendors"/>
  <testcase name="createVendor" time="3.566" classname="com.turbopro.company.Vendors"/>
  <testcase name="addContactsToVendor" time="1.363" classname="com.turbopro.company.Vendors"/>
  <testcase name="addJournalToVendor" time="3.860" classname="com.turbopro.company.Vendors"/>
  <testcase name="addFinancialsToVendor" time="3.023" classname="com.turbopro.company.Vendors"/>
  <testcase name="deleteVendor" time="3.853" classname="com.turbopro.company.Vendors"/>
</testsuite> <!-- com.turbopro.company.Vendors -->
