<?xml version="1.0" encoding="UTF-8"?>
<!-- Generated by org.testng.reporters.JUnitReportReporter -->
<testsuite skipped="0" hostname="SYSVINEL007" name="com.turbopro.company.GeneralLedgerBalanceTrialAndIncome" tests="10" failures="0" timestamp="02 May 2019 06:30:34 GMT" time="169.483" errors="0">
  <testcase name="balanceSheet" time="13.056" classname="com.turbopro.company.GeneralLedgerBalanceTrialAndIncome"/>
  <testcase name="viewBalanceSheetWithoutAccNumber" time="23.380" classname="com.turbopro.company.GeneralLedgerBalanceTrialAndIncome"/>
  <testcase name="viewBalanceSheetWithAccNumber" time="23.441" classname="com.turbopro.company.GeneralLedgerBalanceTrialAndIncome"/>
  <testcase name="trialBalance" time="1.042" classname="com.turbopro.company.GeneralLedgerBalanceTrialAndIncome"/>
  <testcase name="viewTrialBalanceWithCurrentPeriodPrint" time="30.143" classname="com.turbopro.company.GeneralLedgerBalanceTrialAndIncome"/>
  <testcase name="viewTrialBalanceWithoutCurrentPeriodPrint" time="29.853" classname="com.turbopro.company.GeneralLedgerBalanceTrialAndIncome"/>
  <testcase name="incomeStatement" time="0.732" classname="com.turbopro.company.GeneralLedgerBalanceTrialAndIncome"/>
  <testcase name="viewIncomeStatementWithAccNumber" time="23.373" classname="com.turbopro.company.GeneralLedgerBalanceTrialAndIncome"/>
  <testcase name="viewIncomeStatementWithDivision" time="24.261" classname="com.turbopro.company.GeneralLedgerBalanceTrialAndIncome"/>
  <testcase name="downloadCsvOfIncomeStatement" time="0.202" classname="com.turbopro.company.GeneralLedgerBalanceTrialAndIncome"/>
</testsuite> <!-- com.turbopro.company.GeneralLedgerBalanceTrialAndIncome -->
