<?xml version="1.0" encoding="UTF-8"?>
<!-- Generated by org.testng.reporters.JUnitReportReporter -->
<testsuite skipped="0" hostname="SYSVINEL007" name="com.turbopro.company.TaxTerritories" tests="8" failures="0" timestamp="02 May 2019 06:30:34 GMT" time="32.775" errors="0">
  <testcase name="taxTerritory" time="11.091" classname="com.turbopro.company.TaxTerritories"/>
  <testcase name="viewTaxTerritoryDetails" time="7.185" classname="com.turbopro.company.TaxTerritories"/>
  <testcase name="addAndCancelTaxTerritory" time="0.255" classname="com.turbopro.company.TaxTerritories"/>
  <testcase name="createTaxTerritory" time="3.821" classname="com.turbopro.company.TaxTerritories"/>
  <testcase name="deleteTaxTerritory" time="1.740" classname="com.turbopro.company.TaxTerritories"/>
  <testcase name="updateTaxTerritoryDetails" time="3.889" classname="com.turbopro.company.TaxTerritories"/>
  <testcase name="inactiveTaxTerritory" time="2.336" classname="com.turbopro.company.TaxTerritories"/>
  <testcase name="activeTaxTerritory" time="2.458" classname="com.turbopro.company.TaxTerritories"/>
</testsuite> <!-- com.turbopro.company.TaxTerritories -->
