<?xml version="1.0" encoding="UTF-8"?>
<!-- Generated by org.testng.reporters.JUnitReportReporter -->
<testsuite skipped="0" hostname="SYSVINEL007" name="com.turbopro.salesmenu.SalesQuotedJobs" tests="9" failures="0" timestamp="07 May 2019 07:28:08 GMT" time="78.021" errors="0">
  <testcase name="viewQuotedJobs" time="13.156" classname="com.turbopro.salesmenu.SalesQuotedJobs"/>
  <testcase name="accessJobsFromQuotedJobs" time="5.748" classname="com.turbopro.salesmenu.SalesQuotedJobs"/>
  <testcase name="sortQuotedJobs" time="5.176" classname="com.turbopro.salesmenu.SalesQuotedJobs"/>
  <testcase name="viewColumnsInQuoteJobs" time="3.156" classname="com.turbopro.salesmenu.SalesQuotedJobs"/>
  <testcase name="quotedJobsPrint" time="28.296" classname="com.turbopro.salesmenu.SalesQuotedJobs"/>
  <testcase name="quotedJobsExport" time="10.830" classname="com.turbopro.salesmenu.SalesQuotedJobs"/>
  <testcase name="quotedJobsDateRangeFilter" time="7.176" classname="com.turbopro.salesmenu.SalesQuotedJobs"/>
  <testcase name="quotedJobsMonthToDateFilter" time="2.675" classname="com.turbopro.salesmenu.SalesQuotedJobs"/>
  <testcase name="quotedJobsYearToDateFilter" time="1.808" classname="com.turbopro.salesmenu.SalesQuotedJobs"/>
</testsuite> <!-- com.turbopro.salesmenu.SalesQuotedJobs -->
