<?xml version="1.0" encoding="UTF-8"?>
<!-- Generated by org.testng.reporters.JUnitReportReporter -->
<testsuite skipped="0" hostname="SYSVINEL007" name="com.turbopro.company.SalesTax" tests="12" failures="0" timestamp="19 Apr 2019 10:48:34 GMT" time="574.211" errors="0">
  <testcase name="salesTax" time="14.026" classname="com.turbopro.company.SalesTax"/>
  <testcase name="singleDateSalesTaxReport" time="50.862" classname="com.turbopro.company.SalesTax"/>
  <testcase name="dateRangeSalesTaxReport" time="79.298" classname="com.turbopro.company.SalesTax"/>
  <testcase name="dateRangeSalesTaxReportForSpecificMonth" time="83.350" classname="com.turbopro.company.SalesTax"/>
  <testcase name="monthToDateRangeSalesTaxReport" time="82.422" classname="com.turbopro.company.SalesTax"/>
  <testcase name="yearToDateRangeSalesTaxReport" time="82.310" classname="com.turbopro.company.SalesTax"/>
  <testcase name="singleDateSalesTaxCsvReport" time="9.436" classname="com.turbopro.company.SalesTax"/>
  <testcase name="dateRangeSalesTaxCsvReport" time="43.034" classname="com.turbopro.company.SalesTax"/>
  <testcase name="dateRangeSalesTaxCsvReportForSpecificMonth" time="36.541" classname="com.turbopro.company.SalesTax"/>
  <testcase name="monthToDateRangeSalesTaxCsvReport" time="45.836" classname="com.turbopro.company.SalesTax"/>
  <testcase name="yearToDateRangeSalesTaxCsvReport" time="46.257" classname="com.turbopro.company.SalesTax"/>
  <testcase name="cancelSalesTaxAndNavigateToHome" time="0.839" classname="com.turbopro.company.SalesTax"/>
</testsuite> <!-- com.turbopro.company.SalesTax -->
