<?xml version="1.0" encoding="UTF-8"?>
<!-- Generated by org.testng.reporters.JUnitReportReporter -->
<testsuite skipped="1" hostname="SYSVINEL007" name="com.turbopro.jobs.JobMainTab" tests="17" failures="0" timestamp="13 May 2019 11:42:34 GMT" time="154.534" errors="0">
  <testcase name="navigateReleaseInNewJob" time="23.290" classname="com.turbopro.jobs.JobMainTab"/>
  <testcase name="updateCustomerName" time="42.258" classname="com.turbopro.jobs.JobMainTab"/>
  <testcase name="updateJobLocation" time="2.701" classname="com.turbopro.jobs.JobMainTab"/>
  <testcase name="updateEmployeesAssigned" time="5.021" classname="com.turbopro.jobs.JobMainTab"/>
  <testcase name="addNewArchitect" time="5.394" classname="com.turbopro.jobs.JobMainTab"/>
  <testcase name="addNewEngineer" time="6.728" classname="com.turbopro.jobs.JobMainTab"/>
  <testcase name="changeTaxTerritory" time="1.966" classname="com.turbopro.jobs.JobMainTab"/>
  <testcase name="addSplitCommission" time="3.572" classname="com.turbopro.jobs.JobMainTab"/>
  <testcase name="updateStatusType" time="1.553" classname="com.turbopro.jobs.JobMainTab"/>
  <testcase name="updateOriginaBidDate" time="5.999" classname="com.turbopro.jobs.JobMainTab"/>
  <testcase name="addGeneralContractor" time="6.770" classname="com.turbopro.jobs.JobMainTab"/>
  <testcase name="updateCustomerPO" time="5.914" classname="com.turbopro.jobs.JobMainTab"/>
  <testcase name="updateOwner" time="9.661" classname="com.turbopro.jobs.JobMainTab"/>
  <testcase name="updateProjectManager" time="8.961" classname="com.turbopro.jobs.JobMainTab"/>
  <testcase name="updatingInstallingContractor" time="13.302" classname="com.turbopro.jobs.JobMainTab"/>
  <testcase name="removingInstallingContractor" time="11.444" classname="com.turbopro.jobs.JobMainTab"/>
  <testcase name="nobidJobStatus" classname="com.turbopro.jobs.JobMainTab">
    <skipped/>
  </testcase> <!-- nobidJobStatus -->
</testsuite> <!-- com.turbopro.jobs.JobMainTab -->
