<?xml version="1.0" encoding="UTF-8"?>
<!-- Generated by org.testng.reporters.JUnitReportReporter -->
<testsuite hostname="sysvinemp029.local" failures="0" tests="8" name="com.turbopro.inventory.InventoryTransfer" time="223.231" errors="0" timestamp="2019-12-19T15:14:21 IST" skipped="0">
  <testcase classname="com.turbopro.inventory.InventoryTransfer" name="inventoryTransfer" time="22.721"/>
  <testcase classname="com.turbopro.inventory.InventoryTransfer" name="sortInventory" time="0.191"/>
  <testcase classname="com.turbopro.inventory.InventoryTransfer" name="addTransfer" time="36.210"/>
  <testcase classname="com.turbopro.inventory.InventoryTransfer" name="searchTransfer" time="1.226"/>
  <testcase classname="com.turbopro.inventory.InventoryTransfer" name="editTransfer" time="8.818"/>
  <testcase classname="com.turbopro.inventory.InventoryTransfer" name="receiveItems" time="4.863"/>
  <testcase classname="com.turbopro.inventory.InventoryTransfer" name="copyTransfer" time="121.632"/>
  <testcase classname="com.turbopro.inventory.InventoryTransfer" name="viewPDF" time="27.570"/>
</testsuite> <!-- com.turbopro.inventory.InventoryTransfer -->
