<?xml version="1.0" encoding="UTF-8"?>
<!-- Generated by org.testng.reporters.JUnitReportReporter -->
<testsuite skipped="0" hostname="SYSVINEL007" name="com.turbopro.customermenu.CustomerStatements" tests="7" failures="0" timestamp="25 Feb 2019 13:42:32 GMT" time="218.711" errors="0">
  <testcase name="cusStatements" time="14.063" classname="com.turbopro.customermenu.CustomerStatements"/>
  <testcase name="customerStatementWithInvoice" time="32.613" classname="com.turbopro.customermenu.CustomerStatements"/>
  <testcase name="customerStatementWithDate" time="32.302" classname="com.turbopro.customermenu.CustomerStatements"/>
  <testcase name="customerStatementWithcustomerPO" time="32.153" classname="com.turbopro.customermenu.CustomerStatements"/>
  <testcase name="selectInvoicesWithCredit" time="32.105" classname="com.turbopro.customermenu.CustomerStatements"/>
  <testcase name="editExclusionDate" time="34.654" classname="com.turbopro.customermenu.CustomerStatements"/>
  <testcase name="changeCustomersettings" time="40.821" classname="com.turbopro.customermenu.CustomerStatements"/>
</testsuite> <!-- com.turbopro.customermenu.CustomerStatements -->
