<?xml version="1.0" encoding="UTF-8"?>
<!-- Generated by org.testng.reporters.JUnitReportReporter -->
<testsuite hostname="Sysvinel007" name="Vendor.Vendors_Submenu" tests="1" failures="0" timestamp="1 Jun 2017 11:12:57 GMT" time="60.498" errors="0">
  <testcase name="login" time="60.498" classname="Vendor.Vendors_Submenu"/>
</testsuite> <!-- Vendor.Vendors_Submenu -->
