<?xml version="1.0" encoding="UTF-8"?>
<!-- Generated by org.testng.reporters.JUnitReportReporter -->
<testsuite name="com.turbopro.jobs.SubmittalTab" tests="4" time="55.883" ignored="0" failures="0" timestamp="20 Aug 2018 12:16:06 GMT" skipped="0" hostname="Sysvinel007" errors="0">
  <testcase name="addOMManualDetails" time="5.397" classname="com.turbopro.jobs.SubmittalTab"/>
  <testcase name="addSubmittalDetails" time="11.360" classname="com.turbopro.jobs.SubmittalTab"/>
  <testcase name="editQuantity" time="0.345" classname="com.turbopro.jobs.SubmittalTab"/>
  <testcase name="financialTab" time="38.781" classname="com.turbopro.jobs.SubmittalTab"/>
</testsuite> <!-- com.turbopro.jobs.SubmittalTab -->
