<?xml version="1.0" encoding="UTF-8"?>
<!-- Generated by org.testng.reporters.JUnitReportReporter -->
<testsuite hostname="sysvinemp029.local" failures="0" tests="9" name="com.turbopro.vendors.VendorPurchaseOrders" time="159.416" errors="0" timestamp="2019-12-19T14:56:25 IST" skipped="0">
  <testcase classname="com.turbopro.vendors.VendorPurchaseOrders" name="vendorPurchaseOrder" time="19.472"/>
  <testcase classname="com.turbopro.vendors.VendorPurchaseOrders" name="sortVendorPO" time="26.848"/>
  <testcase classname="com.turbopro.vendors.VendorPurchaseOrders" name="viewVendorPOByDateRange" time="8.699"/>
  <testcase classname="com.turbopro.vendors.VendorPurchaseOrders" name="createVendorPO" time="26.753"/>
  <testcase classname="com.turbopro.vendors.VendorPurchaseOrders" name="updateVendorPO" time="22.896"/>
  <testcase classname="com.turbopro.vendors.VendorPurchaseOrders" name="deleteLineItemsInPO" time="12.785"/>
  <testcase classname="com.turbopro.vendors.VendorPurchaseOrders" name="changeStatusInPO" time="13.067"/>
  <testcase classname="com.turbopro.vendors.VendorPurchaseOrders" name="searchPO" time="10.546"/>
  <testcase classname="com.turbopro.vendors.VendorPurchaseOrders" name="viewPdfOfVendorPO" time="18.350"/>
</testsuite> <!-- com.turbopro.vendors.VendorPurchaseOrders -->
