<?xml version="1.0" encoding="UTF-8"?>
<!-- Generated by org.testng.reporters.JUnitReportReporter -->
<testsuite hostname="Sysvinel007" name="Projects.ProjectsMenu" tests="1" failures="0" timestamp="9 May 2017 12:06:59 GMT" time="87.881" errors="0">
  <testcase name="login" time="87.881" classname="Projects.ProjectsMenu"/>
</testsuite> <!-- Projects.ProjectsMenu -->
