<?xml version="1.0" encoding="UTF-8"?>
<!-- Generated by org.testng.reporters.JUnitReportReporter -->
<testsuite skipped="1" hostname="SYSVINEL007" name="com.turbopro.reports.ReportsOpenJobs" tests="5" failures="0" timestamp="09 May 2019 14:24:00 GMT" time="85.189" errors="0">
  <testcase name="login" time="12.911" classname="com.turbopro.reports.ReportsOpenJobs"/>
  <testcase name="viewPreviewReports" time="23.662" classname="com.turbopro.reports.ReportsOpenJobs"/>
  <testcase name="viewPrintReports" time="23.342" classname="com.turbopro.reports.ReportsOpenJobs"/>
  <testcase name="viewPrintReportsForCusAndSalesRep" time="25.274" classname="com.turbopro.reports.ReportsOpenJobs"/>
  <testcase name="viewPreviewReportsForCusAndSalesRep" classname="com.turbopro.reports.ReportsOpenJobs">
    <skipped/>
  </testcase> <!-- viewPreviewReportsForCusAndSalesRep -->
</testsuite> <!-- com.turbopro.reports.ReportsOpenJobs -->
