<?xml version="1.0" encoding="UTF-8"?>
<!-- Generated by org.testng.reporters.JUnitReportReporter -->
<testsuite hostname="Sysvinel007" name="com.turbopro.modules.Reports_Menu" tests="1" failures="0" timestamp="8 Jun 2017 12:39:00 GMT" time="34.280" errors="0">
  <testcase name="Reports" time="34.280" classname="com.turbopro.modules.Reports_Menu"/>
</testsuite> <!-- com.turbopro.modules.Reports_Menu -->
