<?xml version="1.0" encoding="UTF-8"?>
<!-- Generated by org.testng.reporters.JUnitReportReporter -->
<testsuite skipped="0" hostname="SYSVINEL007" name="com.turbopro.salesmenu.SalesPendingJobs" tests="4" failures="0" timestamp="07 May 2019 07:28:08 GMT" time="13.835" errors="0">
  <testcase name="login" time="8.985" classname="com.turbopro.salesmenu.SalesPendingJobs"/>
  <testcase name="viewPendingJobs" time="1.484" classname="com.turbopro.salesmenu.SalesPendingJobs"/>
  <testcase name="sortPendingJobs" time="1.386" classname="com.turbopro.salesmenu.SalesPendingJobs"/>
  <testcase name="viewColumnsInPendingJobs" time="1.980" classname="com.turbopro.salesmenu.SalesPendingJobs"/>
</testsuite> <!-- com.turbopro.salesmenu.SalesPendingJobs -->
