<?xml version="1.0" encoding="UTF-8"?>
<!-- Generated by org.testng.reporters.JUnitReportReporter -->
<testsuite hostname="Sysvinel007" name="com.turbopro.modules.TypesOfReleaseCreation" tests="1" failures="0" timestamp="20 Jul 2017 14:12:25 GMT" time="110.914" errors="0">
  <testcase name="stockOrderRelease" time="110.914" classname="com.turbopro.modules.TypesOfReleaseCreation"/>
</testsuite> <!-- com.turbopro.modules.TypesOfReleaseCreation -->
