<?xml version="1.0" encoding="UTF-8"?>
<!-- Generated by org.testng.reporters.JUnitReportReporter -->
<testsuite hostname="Sysvinel007" name="com.turbopro.modules.Job" tests="9" failures="0" timestamp="8 Jun 2017 11:23:03 GMT" time="92.234" errors="0">
  <testcase name="SearchingPlanningJob" time="6.812" classname="com.turbopro.modules.Job"/>
  <testcase name="SearchingQuotedJob" time="16.217" classname="com.turbopro.modules.Job"/>
  <testcase name="SearchingLostJob" time="6.762" classname="com.turbopro.modules.Job"/>
  <testcase name="SearchingBudgetJob" time="6.670" classname="com.turbopro.modules.Job"/>
  <testcase name="SearchingBidJob" time="25.845" classname="com.turbopro.modules.Job"/>
  <testcase name="SearchingSubmittedJob" time="7.123" classname="com.turbopro.modules.Job"/>
  <testcase name="SearchingAbondonedJob" time="6.786" classname="com.turbopro.modules.Job"/>
  <testcase name="SearchingOverBudgetJob" time="6.571" classname="com.turbopro.modules.Job"/>
  <testcase name="SearchingRejectJob" time="9.448" classname="com.turbopro.modules.Job"/>
</testsuite> <!-- com.turbopro.modules.Job -->
