<?xml version="1.0" encoding="UTF-8"?>
<!-- Generated by org.testng.reporters.JUnitReportReporter -->
<testsuite skipped="0" hostname="SYSVINEL007" name="com.turbopro.projectsmenu.ProjectsCustomerList" tests="6" failures="0" timestamp="06 May 2019 11:21:39 GMT" time="20.448" errors="0">
  <testcase name="projects" time="13.879" classname="com.turbopro.projectsmenu.ProjectsCustomerList"/>
  <testcase name="viewCustomerList" time="0.645" classname="com.turbopro.projectsmenu.ProjectsCustomerList"/>
  <testcase name="viewContactsInCustomerList" time="2.361" classname="com.turbopro.projectsmenu.ProjectsCustomerList"/>
  <testcase name="downloadCsvForCustomerList" time="1.036" classname="com.turbopro.projectsmenu.ProjectsCustomerList"/>
  <testcase name="viewCustomerListForSpecificSalesrep" time="1.601" classname="com.turbopro.projectsmenu.ProjectsCustomerList"/>
  <testcase name="viewCustomerListForAllSalesrep" time="0.926" classname="com.turbopro.projectsmenu.ProjectsCustomerList"/>
</testsuite> <!-- com.turbopro.projectsmenu.ProjectsCustomerList -->
