<?xml version="1.0" encoding="UTF-8"?>
<!-- Generated by org.testng.reporters.JUnitReportReporter -->
<testsuite name="com.turbopro.reports.ReportsBillingProfit" tests="6" time="531.134" ignored="0" failures="0" timestamp="09 Oct 2018 11:03:24 GMT" skipped="0" hostname="Sysvinel007" errors="0">
  <testcase name="dateRangeBillingProfit" time="100.210" classname="com.turbopro.reports.ReportsBillingProfit"/>
  <testcase name="monthToDateBillingProfit" time="95.169" classname="com.turbopro.reports.ReportsBillingProfit"/>
  <testcase name="accessBillingProfit" time="51.407" classname="com.turbopro.reports.ReportsBillingProfit"/>
  <testcase name="yearToDateBillingProfit" time="90.779" classname="com.turbopro.reports.ReportsBillingProfit"/>
  <testcase name="singleDateBillingProfit" time="96.465" classname="com.turbopro.reports.ReportsBillingProfit"/>
  <testcase name="monthToDateWithSalesrepBillingProfit" time="97.104" classname="com.turbopro.reports.ReportsBillingProfit"/>
</testsuite> <!-- com.turbopro.reports.ReportsBillingProfit -->
