<?xml version="1.0" encoding="UTF-8"?>
<!-- Generated by org.testng.reporters.JUnitReportReporter -->
<testsuite skipped="0" hostname="SYSVINEL007" name="com.turbopro.reports.ReportsVendorReleases" tests="6" failures="0" timestamp="03 May 2019 12:26:23 GMT" time="451.615" errors="0">
  <testcase name="login" time="27.361" classname="com.turbopro.reports.ReportsVendorReleases"/>
  <testcase name="viewPdfOfVendorReleases" time="28.770" classname="com.turbopro.reports.ReportsVendorReleases"/>
  <testcase name="viewVendorReleasesReportWithMonthToDateFilter" time="76.936" classname="com.turbopro.reports.ReportsVendorReleases"/>
  <testcase name="viewVendorReleasesReportWithSingleDateFilter" time="103.380" classname="com.turbopro.reports.ReportsVendorReleases"/>
  <testcase name="viewVendorForecastReportWithDateRangeFilter" time="108.086" classname="com.turbopro.reports.ReportsVendorReleases"/>
  <testcase name="viewVendorForecastReportWithYearToDateEndingFilter" time="107.082" classname="com.turbopro.reports.ReportsVendorReleases"/>
</testsuite> <!-- com.turbopro.reports.ReportsVendorReleases -->
