<?xml version="1.0" encoding="UTF-8"?>
<!-- Generated by org.testng.reporters.JUnitReportReporter -->
<testsuite hostname="Sysvinel007" name="Login.CustomerInvoice" tests="10" failures="0" timestamp="27 Apr 2017 09:16:21 GMT" time="12.486" errors="0">
  <testcase name="SortByInvoice" time="0.166" classname="Login.CustomerInvoice"/>
  <testcase name="SortByDatePaid" time="0.605" classname="Login.CustomerInvoice"/>
  <testcase name="customerInvoice" time="7.582" classname="Login.CustomerInvoice"/>
  <testcase name="SortByTotal" time="0.160" classname="Login.CustomerInvoice"/>
  <testcase name="SortByCreatedOn" time="0.190" classname="Login.CustomerInvoice"/>
  <testcase name="SortByCustomerPO" time="0.598" classname="Login.CustomerInvoice"/>
  <testcase name="SortByCustomer" time="0.168" classname="Login.CustomerInvoice"/>
  <testcase name="SortByCheck" time="0.154" classname="Login.CustomerInvoice"/>
  <testcase name="SearchJob" time="2.453" classname="Login.CustomerInvoice"/>
  <testcase name="SortByJobName" time="0.410" classname="Login.CustomerInvoice"/>
</testsuite> <!-- Login.CustomerInvoice -->
