<?xml version="1.0" encoding="UTF-8"?>
<!-- Generated by org.testng.reporters.JUnitReportReporter -->
<testsuite skipped="0" hostname="SYSVINEL007" name="com.turbopro.reports.ReportsVendorForecast" tests="6" failures="0" timestamp="02 May 2019 10:26:06 GMT" time="437.455" errors="0">
  <testcase name="login" time="13.253" classname="com.turbopro.reports.ReportsVendorForecast"/>
  <testcase name="viewPdfOfJobOpportunityForecast" time="28.658" classname="com.turbopro.reports.ReportsVendorForecast"/>
  <testcase name="viewVendorForecastReportWithMonthToDateFilter" time="76.706" classname="com.turbopro.reports.ReportsVendorForecast"/>
  <testcase name="viewVendorForecastReportWithSingleDateFilter" time="103.416" classname="com.turbopro.reports.ReportsVendorForecast"/>
  <testcase name="viewVendorForecastReportWithDateRangeFilter" time="108.166" classname="com.turbopro.reports.ReportsVendorForecast"/>
  <testcase name="viewVendorForecastReportWithYearToDateEndingFilter" time="107.256" classname="com.turbopro.reports.ReportsVendorForecast"/>
</testsuite> <!-- com.turbopro.reports.ReportsVendorForecast -->
