<?xml version="1.0" encoding="UTF-8"?>
<!-- Generated by org.testng.reporters.JUnitReportReporter -->
<testsuite skipped="0" hostname="SYSVINEL007" name="com.turbopro.inventory.InventoryAdjustments" tests="5" failures="0" timestamp="03 May 2019 06:59:07 GMT" time="26.150" errors="0">
  <testcase name="inventoryAdjustments" time="14.979" classname="com.turbopro.inventory.InventoryAdjustments"/>
  <testcase name="sortHeader" time="1.483" classname="com.turbopro.inventory.InventoryAdjustments"/>
  <testcase name="createNewAdjustment" time="4.249" classname="com.turbopro.inventory.InventoryAdjustments"/>
  <testcase name="viewDetails" time="3.336" classname="com.turbopro.inventory.InventoryAdjustments"/>
  <testcase name="updateAdjustment" time="2.103" classname="com.turbopro.inventory.InventoryAdjustments"/>
</testsuite> <!-- com.turbopro.inventory.InventoryAdjustments -->
