<?xml version="1.0" encoding="UTF-8"?>
<!-- Generated by org.testng.reporters.JUnitReportReporter -->
<testsuite hostname="sysvinemp029.local" failures="0" tests="6" name="com.turbopro.projectsmenu.ProjectsOpenJobs" time="198.245" errors="0" timestamp="2019-12-23T12:29:19 IST" skipped="0">
  <testcase classname="com.turbopro.projectsmenu.ProjectsOpenJobs" name="projects" time="37.207"/>
  <testcase classname="com.turbopro.projectsmenu.ProjectsOpenJobs" name="openJobsInProjects" time="0.295"/>
  <testcase classname="com.turbopro.projectsmenu.ProjectsOpenJobs" name="sortingInOpenJobs" time="43.133"/>
  <testcase classname="com.turbopro.projectsmenu.ProjectsOpenJobs" name="viewOpenJobsByDateRange" time="4.918"/>
  <testcase classname="com.turbopro.projectsmenu.ProjectsOpenJobs" name="viewOpenJobsForSpecCustomer" time="108.141"/>
  <testcase classname="com.turbopro.projectsmenu.ProjectsOpenJobs" name="navigatePagesInOpenJobs" time="4.551"/>
</testsuite> <!-- com.turbopro.projectsmenu.ProjectsOpenJobs -->
