<?xml version="1.0" encoding="UTF-8"?>
<!-- Generated by org.testng.reporters.JUnitReportReporter -->
<testsuite name="com.turbopro.jobs.test2642a" tests="3" time="244.597" ignored="0" failures="0" timestamp="13 Apr 2018 12:53:13 GMT" skipped="0" hostname="Sysvinel007" errors="0">
  <testcase name="createJob" time="22.473" classname="com.turbopro.jobs.test2642a"/>
  <testcase name="partialCIForSO" time="170.723" classname="com.turbopro.jobs.test2642a"/>
  <testcase name="login" time="51.401" classname="com.turbopro.jobs.test2642a"/>
</testsuite> <!-- com.turbopro.jobs.test2642a -->
