<?xml version="1.0" encoding="UTF-8"?>
<!-- Generated by org.testng.reporters.JUnitReportReporter -->
<testsuite hostname="sysvinemp029.local" failures="0" tests="7" name="com.turbopro.vendors.VendorPayBills" time="138.978" errors="0" timestamp="2019-12-17T18:51:21 IST" skipped="1">
  <testcase classname="com.turbopro.vendors.VendorPayBills" name="vendorPayBill" time="20.875"/>
  <testcase classname="com.turbopro.vendors.VendorPayBills" name="vendorGroupAndUngroup" time="5.901"/>
  <testcase classname="com.turbopro.vendors.VendorPayBills" name="viewVenInvByFiltering" time="15.376"/>
  <testcase classname="com.turbopro.vendors.VendorPayBills" name="payVendorBills" time="41.526"/>
  <testcase classname="com.turbopro.vendors.VendorPayBills" name="createVendInvAndPayVendBills" time="35.829"/>
  <testcase classname="com.turbopro.vendors.VendorPayBills" name="accessBankChecksForVenPayBills" time="19.471"/>
  <testcase classname="com.turbopro.vendors.VendorPayBills" name="payVendBillsForReceivedInventoryVeBill">
    <skipped/>
  </testcase> <!-- payVendBillsForReceivedInventoryVeBill -->
</testsuite> <!-- com.turbopro.vendors.VendorPayBills -->
