<?xml version="1.0" encoding="UTF-8"?>
<!-- Generated by org.testng.reporters.JUnitReportReporter -->
<testsuite name="com.turbopro.customermenu.SalesTax" tests="3" time="162.606" ignored="0" failures="0" timestamp="02 Mar 2018 13:12:44 GMT" skipped="0" hostname="Sysvinel007" errors="0">
  <testcase name="salesTax" time="32.281" classname="com.turbopro.customermenu.SalesTax"/>
  <testcase name="singleDateSalesTaxReport" time="50.903" classname="com.turbopro.customermenu.SalesTax"/>
  <testcase name="dateRangeSalesTaxReport" time="79.422" classname="com.turbopro.customermenu.SalesTax"/>
</testsuite> <!-- com.turbopro.customermenu.SalesTax -->
