<?xml version="1.0" encoding="UTF-8"?>
<!-- Generated by org.testng.reporters.JUnitReportReporter -->
<testsuite hostname="Sysvinel007" name="ReportsCheck.testDB" tests="1" failures="0" timestamp="11 Sep 2017 14:07:28 GMT" time="9.871" errors="0">
  <testcase name="testDB1" time="9.871" classname="ReportsCheck.testDB"/>
</testsuite> <!-- ReportsCheck.testDB -->
