<?xml version="1.0" encoding="UTF-8"?>
<!-- Generated by org.testng.reporters.JUnitReportReporter -->
<testsuite skipped="0" hostname="SYSVINEL007" name="com.turbopro.salesmenu.SalesFilter" tests="3" failures="0" timestamp="07 May 2019 07:28:08 GMT" time="19.634" errors="0">
  <testcase name="login" time="9.713" classname="com.turbopro.salesmenu.SalesFilter"/>
  <testcase name="viewSalesRepEntries" time="2.541" classname="com.turbopro.salesmenu.SalesFilter"/>
  <testcase name="selectSalesRepEntry" time="7.380" classname="com.turbopro.salesmenu.SalesFilter"/>
</testsuite> <!-- com.turbopro.salesmenu.SalesFilter -->
