<?xml version="1.0" encoding="UTF-8"?>
<!-- Generated by org.testng.reporters.JUnitReportReporter -->
<testsuite skipped="0" hostname="SYSVINEL007" name="com.turbopro.banking.BankingDetails" tests="10" failures="0" timestamp="17 Jan 2019 10:27:16 GMT" time="49.319" errors="0">
  <testcase name="navigateBanking" time="30.171" classname="com.turbopro.banking.BankingDetails"/>
  <testcase name="viewBanking" time="0.443" classname="com.turbopro.banking.BankingDetails"/>
  <testcase name="addBank" time="3.771" classname="com.turbopro.banking.BankingDetails"/>
  <testcase name="deleteBank" time="1.107" classname="com.turbopro.banking.BankingDetails"/>
  <testcase name="updateBankAccount" time="1.363" classname="com.turbopro.banking.BankingDetails"/>
  <testcase name="inactivateBankAccount" time="1.896" classname="com.turbopro.banking.BankingDetails"/>
  <testcase name="activateBankAccount" time="1.888" classname="com.turbopro.banking.BankingDetails"/>
  <testcase name="addAccountHolderNameAndAddress" time="3.177" classname="com.turbopro.banking.BankingDetails"/>
  <testcase name="removeAccountHolderNameAndAddress" time="1.926" classname="com.turbopro.banking.BankingDetails"/>
  <testcase name="addBankNameAndAddress" time="3.577" classname="com.turbopro.banking.BankingDetails"/>
</testsuite> <!-- com.turbopro.banking.BankingDetails -->
