<?xml version="1.0" encoding="UTF-8"?>
<!-- Generated by org.testng.reporters.JUnitReportReporter -->
<testsuite hostname="Sysvinel007" name="com.turbopro.modules.ReleaseTab" tests="10" failures="0" timestamp="20 Jul 2017 14:09:57 GMT" time="100.823" errors="0">
  <testcase name="useCase_4" time="7.578" classname="com.turbopro.modules.ReleaseTab"/>
  <testcase name="login1" time="11.483" classname="com.turbopro.modules.ReleaseTab"/>
  <testcase name="useCase_9" time="6.729" classname="com.turbopro.modules.ReleaseTab"/>
  <testcase name="useCase_1" time="9.943" classname="com.turbopro.modules.ReleaseTab"/>
  <testcase name="useCase_7" time="9.270" classname="com.turbopro.modules.ReleaseTab"/>
  <testcase name="useCase_5" time="7.511" classname="com.turbopro.modules.ReleaseTab"/>
  <testcase name="useCase_3" time="3.435" classname="com.turbopro.modules.ReleaseTab"/>
  <testcase name="useCase_6" time="22.278" classname="com.turbopro.modules.ReleaseTab"/>
  <testcase name="useCase_2" time="13.565" classname="com.turbopro.modules.ReleaseTab"/>
  <testcase name="useCase_8" time="9.031" classname="com.turbopro.modules.ReleaseTab"/>
</testsuite> <!-- com.turbopro.modules.ReleaseTab -->
