<?xml version="1.0" encoding="UTF-8"?>
<!-- Generated by org.testng.reporters.JUnitReportReporter -->
<testsuite skipped="0" hostname="SYSVINEL007" name="com.turbopro.inventory.InventoryWarehouses" tests="6" failures="0" timestamp="03 May 2019 06:59:07 GMT" time="53.546" errors="0">
  <testcase name="inventoryWarehouse" time="14.690" classname="com.turbopro.inventory.InventoryWarehouses"/>
  <testcase name="addWarehouse" time="30.492" classname="com.turbopro.inventory.InventoryWarehouses"/>
  <testcase name="viewwarehousedetails" time="0.373" classname="com.turbopro.inventory.InventoryWarehouses"/>
  <testcase name="editWarehouseDetails" time="4.623" classname="com.turbopro.inventory.InventoryWarehouses"/>
  <testcase name="deleteWarehouse" time="2.404" classname="com.turbopro.inventory.InventoryWarehouses"/>
  <testcase name="inactivateWarehouse" time="0.964" classname="com.turbopro.inventory.InventoryWarehouses"/>
</testsuite> <!-- com.turbopro.inventory.InventoryWarehouses -->
