<?xml version="1.0" encoding="UTF-8"?>
<!-- Generated by org.testng.reporters.JUnitReportReporter -->
<testsuite skipped="1" hostname="SYSVINEL007" name="com.turbopro.home.Home" tests="29" failures="0" timestamp="07 May 2019 12:04:39 GMT" time="1014.055" errors="0">
  <testcase name="login" time="17.920" classname="com.turbopro.home.Home"/>
  <testcase name="budgetAdvancedSearch" time="4.586" classname="com.turbopro.home.Home"/>
  <testcase name="bidAdvancedSearch" time="121.829" classname="com.turbopro.home.Home"/>
  <testcase name="quoteAdvancedSearch" time="121.772" classname="com.turbopro.home.Home"/>
  <testcase name="bookedAdvancedSearch" time="25.328" classname="com.turbopro.home.Home"/>
  <testcase name="closedAdvancedSearch" time="51.055" classname="com.turbopro.home.Home"/>
  <testcase name="submittedAdvancedSearch" time="3.938" classname="com.turbopro.home.Home"/>
  <testcase name="planningAdvancedSearch" time="2.197" classname="com.turbopro.home.Home"/>
  <testcase name="lostAdvancedSearch" time="3.056" classname="com.turbopro.home.Home"/>
  <testcase name="abondonedAdvancedSearch" time="14.318" classname="com.turbopro.home.Home"/>
  <testcase name="rejectAdvancedSearch" time="2.933" classname="com.turbopro.home.Home"/>
  <testcase name="overbudgetAdvancedSearch" time="1.805" classname="com.turbopro.home.Home"/>
  <testcase name="jobNumberAdvancedSearch" time="124.491" classname="com.turbopro.home.Home"/>
  <testcase name="cityAdvancedSearch" time="34.014" classname="com.turbopro.home.Home"/>
  <testcase name="jobnameAdvancedSearch" time="5.296" classname="com.turbopro.home.Home"/>
  <testcase name="rangeAdvancedSearch" time="10.233" classname="com.turbopro.home.Home"/>
  <testcase name="customerpoAdvancedSearch" time="123.941" classname="com.turbopro.home.Home"/>
  <testcase name="divisionAdvancedSearch" time="32.082" classname="com.turbopro.home.Home"/>
  <testcase name="searchJobByName" time="5.879" classname="com.turbopro.home.Home"/>
  <testcase name="searchJobByNumber" time="3.138" classname="com.turbopro.home.Home"/>
  <testcase name="searchInventoryByName" time="123.462" classname="com.turbopro.home.Home"/>
  <testcase name="searchInventoryByCharacters" time="5.404" classname="com.turbopro.home.Home"/>
  <testcase name="searchInventoryFromSuggestions" time="123.310" classname="com.turbopro.home.Home"/>
  <testcase name="searchPO" time="31.303" classname="com.turbopro.home.Home"/>
  <testcase name="openRecentlyOpenedJob" time="11.216" classname="com.turbopro.home.Home"/>
  <testcase name="accessQuickbookAndClose" time="1.247" classname="com.turbopro.home.Home"/>
  <testcase name="createJobUsingQuickbook" time="6.994" classname="com.turbopro.home.Home"/>
  <testcase name="nobidAdvancedSearch" time="1.308" classname="com.turbopro.home.Home"/>
  <testcase name="searchRolodex" classname="com.turbopro.home.Home">
    <skipped/>
  </testcase> <!-- searchRolodex -->
</testsuite> <!-- com.turbopro.home.Home -->
