<?xml version="1.0" encoding="UTF-8"?>
<!-- Generated by org.testng.reporters.JUnitReportReporter -->
<testsuite hostname="Sysvinel007" name="ReportsCheck.testLogin1" tests="1" failures="0" timestamp="11 Sep 2017 07:35:46 GMT" time="8.501" errors="0">
  <testcase name="testDB1" time="8.501" classname="ReportsCheck.testLogin1"/>
</testsuite> <!-- ReportsCheck.testLogin1 -->
