<?xml version="1.0" encoding="UTF-8"?>
<!-- Generated by org.testng.reporters.JUnitReportReporter -->
<testsuite hostname="sysvinemp029.local" failures="0" tests="6" name="com.turbopro.projectsmenu.ProjectsCustomerProfitMargin" time="52.856" errors="0" timestamp="2019-12-19T16:12:10 IST" skipped="0">
  <testcase classname="com.turbopro.projectsmenu.ProjectsCustomerProfitMargin" name="login" time="16.244"/>
  <testcase classname="com.turbopro.projectsmenu.ProjectsCustomerProfitMargin" name="navigateProjects" time="6.136"/>
  <testcase classname="com.turbopro.projectsmenu.ProjectsCustomerProfitMargin" name="cusProfitMargInProjects" time="0.478"/>
  <testcase classname="com.turbopro.projectsmenu.ProjectsCustomerProfitMargin" name="sortingInCusProfMargin" time="20.761"/>
  <testcase classname="com.turbopro.projectsmenu.ProjectsCustomerProfitMargin" name="viewCusProfMargByDateRange" time="4.895"/>
  <testcase classname="com.turbopro.projectsmenu.ProjectsCustomerProfitMargin" name="navigatePagesCusProfMarg" time="4.342"/>
</testsuite> <!-- com.turbopro.projectsmenu.ProjectsCustomerProfitMargin -->
