<?xml version="1.0" encoding="UTF-8"?>
<!-- Generated by org.testng.reporters.JUnitReportReporter -->
<testsuite hostname="Sysvinel007" name="Inventory.InventoryMenu" tests="1" failures="0" timestamp="23 May 2017 09:36:55 GMT" time="35.274" errors="0">
  <testcase name="login" time="35.274" classname="Inventory.InventoryMenu"/>
</testsuite> <!-- Inventory.InventoryMenu -->
