<?xml version="1.0" encoding="UTF-8"?>
<!-- Generated by org.testng.reporters.JUnitReportReporter -->
<testsuite hostname="Sysvinel007" name="com.turbopro.requirements.RID612" tests="7" failures="0" timestamp="23 Nov 2017 09:23:22 GMT" time="47.190" errors="0">
  <testcase name="editorInQuotes" time="8.997" classname="com.turbopro.requirements.RID612"/>
  <testcase name="createJob" time="12.225" classname="com.turbopro.requirements.RID612"/>
  <testcase name="quotesInRecentJob" time="11.989" classname="com.turbopro.requirements.RID612"/>
  <testcase name="jobSettings" time="2.950" classname="com.turbopro.requirements.RID612"/>
  <testcase name="settingFontSizeStyleToYes" time="4.746" classname="com.turbopro.requirements.RID612"/>
  <testcase name="settingFontSizeStyleToNo" time="0.578" classname="com.turbopro.requirements.RID612"/>
  <testcase name="login" time="5.705" classname="com.turbopro.requirements.RID612"/>
</testsuite> <!-- com.turbopro.requirements.RID612 -->
