<?xml version="1.0" encoding="UTF-8"?>
<!-- Generated by org.testng.reporters.JUnitReportReporter -->
<testsuite skipped="1" hostname="SYSVINEL007" name="com.turbopro.company.AccountingCycles" tests="5" failures="0" timestamp="02 May 2019 06:30:34 GMT" time="56.763" errors="0">
  <testcase name="accountingCycles" time="21.535" classname="com.turbopro.company.AccountingCycles"/>
  <testcase name="fiscalYearCreateAndRespondPopup" time="1.093" classname="com.turbopro.company.AccountingCycles"/>
  <testcase name="closeFiscalYearAndRespondPopup" time="0.593" classname="com.turbopro.company.AccountingCycles"/>
  <testcase name="closeCurrentPeriod" time="33.542" classname="com.turbopro.company.AccountingCycles"/>
  <testcase name="updateDescInAccountCycles" classname="com.turbopro.company.AccountingCycles">
    <skipped/>
  </testcase> <!-- updateDescInAccountCycles -->
</testsuite> <!-- com.turbopro.company.AccountingCycles -->
