<?xml version="1.0" encoding="UTF-8"?>
<!-- Generated by org.testng.reporters.JUnitReportReporter -->
<testsuite skipped="1" hostname="SYSVINEL007" name="com.turbopro.projectsmenu.ProjectsOpenPOandSO" tests="6" failures="0" timestamp="06 May 2019 11:21:39 GMT" time="46.607" errors="0">
  <testcase name="projects" time="13.834" classname="com.turbopro.projectsmenu.ProjectsOpenPOandSO"/>
  <testcase name="openPoSoInProjects" time="0.563" classname="com.turbopro.projectsmenu.ProjectsOpenPOandSO"/>
  <testcase name="sortingInOpenPoSo" time="21.718" classname="com.turbopro.projectsmenu.ProjectsOpenPOandSO"/>
  <testcase name="viewOpenPoSoByDateRange" time="5.825" classname="com.turbopro.projectsmenu.ProjectsOpenPOandSO"/>
  <testcase name="navigatePagesInOpenPoSo" time="4.667" classname="com.turbopro.projectsmenu.ProjectsOpenPOandSO"/>
  <testcase name="viewOpenPoSoForSpecCustomer" classname="com.turbopro.projectsmenu.ProjectsOpenPOandSO">
    <skipped/>
  </testcase> <!-- viewOpenPoSoForSpecCustomer -->
</testsuite> <!-- com.turbopro.projectsmenu.ProjectsOpenPOandSO -->
