<?xml version="1.0" encoding="UTF-8"?>
<!-- Generated by org.testng.reporters.JUnitReportReporter -->
<testsuite hostname="Sysvinel007" name="com.turbopro.modules.PermissionsToDeleteJob" tests="4" failures="0" timestamp="27 Jun 2017 14:12:08 GMT" time="483.822" errors="0">
  <testcase name="usecase4" time="119.268" classname="com.turbopro.modules.PermissionsToDeleteJob"/>
  <testcase name="usecase2" time="115.654" classname="com.turbopro.modules.PermissionsToDeleteJob"/>
  <testcase name="usecase3" time="118.650" classname="com.turbopro.modules.PermissionsToDeleteJob"/>
  <testcase name="usecase1" time="130.250" classname="com.turbopro.modules.PermissionsToDeleteJob"/>
</testsuite> <!-- com.turbopro.modules.PermissionsToDeleteJob -->
