<?xml version="1.0" encoding="UTF-8"?>
<!-- Generated by org.testng.reporters.JUnitReportReporter -->
<testsuite skipped="0" hostname="SYSVINEL007" name="com.turbopro.company.Divisions" tests="6" failures="0" timestamp="02 May 2019 06:30:34 GMT" time="23.479" errors="0">
  <testcase name="divisions" time="9.982" classname="com.turbopro.company.Divisions"/>
  <testcase name="viewExistingDivisions" time="10.768" classname="com.turbopro.company.Divisions"/>
  <testcase name="createDivision" time="0.901" classname="com.turbopro.company.Divisions"/>
  <testcase name="inactiveDivision" time="0.388" classname="com.turbopro.company.Divisions"/>
  <testcase name="activeDivision" time="0.191" classname="com.turbopro.company.Divisions"/>
  <testcase name="deleteDivision" time="1.249" classname="com.turbopro.company.Divisions"/>
</testsuite> <!-- com.turbopro.company.Divisions -->
