<?xml version="1.0" encoding="UTF-8"?>
<!-- Generated by org.testng.reporters.JUnitReportReporter -->
<testsuite hostname="Sysvinel007" name="com.turbopro.modules.Vendors_Submenu" tests="1" failures="0" timestamp="8 Jun 2017 11:41:02 GMT" time="131.856" errors="0">
  <testcase name="Vendors" time="131.856" classname="com.turbopro.modules.Vendors_Submenu"/>
</testsuite> <!-- com.turbopro.modules.Vendors_Submenu -->
