<?xml version="1.0" encoding="UTF-8"?>
<!-- Generated by org.testng.reporters.JUnitReportReporter -->
<testsuite hostname="Sysvinel007" name="customerInvoiceTesting.testCustomerInvoice" tests="3" failures="0" timestamp="13 Sep 2017 09:53:19 GMT" time="51.676" errors="0">
  <testcase name="case2_invoiceCreating" time="41.861" classname="customerInvoiceTesting.testCustomerInvoice"/>
  <testcase name="case1_login" time="9.466" classname="customerInvoiceTesting.testCustomerInvoice"/>
  <testcase name="case3_dbCheck" time="0.349" classname="customerInvoiceTesting.testCustomerInvoice"/>
</testsuite> <!-- customerInvoiceTesting.testCustomerInvoice -->
